2020-11-22 01:02:16,557 INFO 6088 [egg-schedule]: register schedule D:\maikeiserve\egg-mysql\node_modules\_egg-multipart@2.10.3@egg-multipart\app\schedule\clean_tmpdir.js
2020-11-22 01:02:16,557 INFO 6088 [egg-schedule]: register schedule D:\maikeiserve\egg-mysql\node_modules\_egg-logrotator@3.1.0@egg-logrotator\app\schedule\clean_log.js
2020-11-22 01:02:16,557 INFO 6088 [egg-schedule]: register schedule D:\maikeiserve\egg-mysql\node_modules\_egg-logrotator@3.1.0@egg-logrotator\app\schedule\rotate_by_file.js
2020-11-22 01:02:41,858 INFO 13924 [egg-schedule]: register schedule D:\maikeiserve\egg-mysql\node_modules\_egg-multipart@2.10.3@egg-multipart\app\schedule\clean_tmpdir.js
2020-11-22 01:02:41,858 INFO 13924 [egg-schedule]: register schedule D:\maikeiserve\egg-mysql\node_modules\_egg-logrotator@3.1.0@egg-logrotator\app\schedule\clean_log.js
2020-11-22 01:02:41,858 INFO 13924 [egg-schedule]: register schedule D:\maikeiserve\egg-mysql\node_modules\_egg-logrotator@3.1.0@egg-logrotator\app\schedule\rotate_by_file.js
2020-11-22 01:02:51,447 INFO 11600 [egg-schedule]: register schedule D:\maikeiserve\egg-mysql\node_modules\_egg-multipart@2.10.3@egg-multipart\app\schedule\clean_tmpdir.js
2020-11-22 01:02:51,447 INFO 11600 [egg-schedule]: register schedule D:\maikeiserve\egg-mysql\node_modules\_egg-logrotator@3.1.0@egg-logrotator\app\schedule\clean_log.js
2020-11-22 01:02:51,447 INFO 11600 [egg-schedule]: register schedule D:\maikeiserve\egg-mysql\node_modules\_egg-logrotator@3.1.0@egg-logrotator\app\schedule\rotate_by_file.js
2020-11-22 01:03:10,816 INFO 11268 [egg-schedule]: register schedule D:\maikeiserve\egg-mysql\node_modules\_egg-multipart@2.10.3@egg-multipart\app\schedule\clean_tmpdir.js
2020-11-22 01:03:10,816 INFO 11268 [egg-schedule]: register schedule D:\maikeiserve\egg-mysql\node_modules\_egg-logrotator@3.1.0@egg-logrotator\app\schedule\clean_log.js
2020-11-22 01:03:10,816 INFO 11268 [egg-schedule]: register schedule D:\maikeiserve\egg-mysql\node_modules\_egg-logrotator@3.1.0@egg-logrotator\app\schedule\rotate_by_file.js
2020-11-22 01:03:13,679 INFO 12192 [egg-schedule]: register schedule D:\maikeiserve\egg-mysql\node_modules\_egg-multipart@2.10.3@egg-multipart\app\schedule\clean_tmpdir.js
2020-11-22 01:03:13,679 INFO 12192 [egg-schedule]: register schedule D:\maikeiserve\egg-mysql\node_modules\_egg-logrotator@3.1.0@egg-logrotator\app\schedule\clean_log.js
2020-11-22 01:03:13,679 INFO 12192 [egg-schedule]: register schedule D:\maikeiserve\egg-mysql\node_modules\_egg-logrotator@3.1.0@egg-logrotator\app\schedule\rotate_by_file.js
2020-11-22 01:03:15,175 INFO 8048 [egg-schedule]: register schedule D:\maikeiserve\egg-mysql\node_modules\_egg-multipart@2.10.3@egg-multipart\app\schedule\clean_tmpdir.js
2020-11-22 01:03:15,175 INFO 8048 [egg-schedule]: register schedule D:\maikeiserve\egg-mysql\node_modules\_egg-logrotator@3.1.0@egg-logrotator\app\schedule\clean_log.js
2020-11-22 01:03:15,175 INFO 8048 [egg-schedule]: register schedule D:\maikeiserve\egg-mysql\node_modules\_egg-logrotator@3.1.0@egg-logrotator\app\schedule\rotate_by_file.js
2020-11-22 01:03:29,345 INFO 12112 [egg-schedule]: register schedule D:\maikeiserve\egg-mysql\node_modules\_egg-multipart@2.10.3@egg-multipart\app\schedule\clean_tmpdir.js
2020-11-22 01:03:29,345 INFO 12112 [egg-schedule]: register schedule D:\maikeiserve\egg-mysql\node_modules\_egg-logrotator@3.1.0@egg-logrotator\app\schedule\clean_log.js
2020-11-22 01:03:29,345 INFO 12112 [egg-schedule]: register schedule D:\maikeiserve\egg-mysql\node_modules\_egg-logrotator@3.1.0@egg-logrotator\app\schedule\rotate_by_file.js
2020-11-22 01:03:44,416 INFO 12964 [egg-schedule]: register schedule D:\maikeiserve\egg-mysql\node_modules\_egg-multipart@2.10.3@egg-multipart\app\schedule\clean_tmpdir.js
2020-11-22 01:03:44,416 INFO 12964 [egg-schedule]: register schedule D:\maikeiserve\egg-mysql\node_modules\_egg-logrotator@3.1.0@egg-logrotator\app\schedule\clean_log.js
2020-11-22 01:03:44,416 INFO 12964 [egg-schedule]: register schedule D:\maikeiserve\egg-mysql\node_modules\_egg-logrotator@3.1.0@egg-logrotator\app\schedule\rotate_by_file.js
2020-11-22 01:03:47,348 INFO 13672 [egg-schedule]: register schedule D:\maikeiserve\egg-mysql\node_modules\_egg-multipart@2.10.3@egg-multipart\app\schedule\clean_tmpdir.js
2020-11-22 01:03:47,348 INFO 13672 [egg-schedule]: register schedule D:\maikeiserve\egg-mysql\node_modules\_egg-logrotator@3.1.0@egg-logrotator\app\schedule\clean_log.js
2020-11-22 01:03:47,348 INFO 13672 [egg-schedule]: register schedule D:\maikeiserve\egg-mysql\node_modules\_egg-logrotator@3.1.0@egg-logrotator\app\schedule\rotate_by_file.js
2020-11-22 01:03:49,590 INFO 8868 [egg-schedule]: register schedule D:\maikeiserve\egg-mysql\node_modules\_egg-multipart@2.10.3@egg-multipart\app\schedule\clean_tmpdir.js
2020-11-22 01:03:49,590 INFO 8868 [egg-schedule]: register schedule D:\maikeiserve\egg-mysql\node_modules\_egg-logrotator@3.1.0@egg-logrotator\app\schedule\clean_log.js
2020-11-22 01:03:49,590 INFO 8868 [egg-schedule]: register schedule D:\maikeiserve\egg-mysql\node_modules\_egg-logrotator@3.1.0@egg-logrotator\app\schedule\rotate_by_file.js
2020-11-22 01:03:51,100 INFO 13760 [egg-schedule]: register schedule D:\maikeiserve\egg-mysql\node_modules\_egg-multipart@2.10.3@egg-multipart\app\schedule\clean_tmpdir.js
2020-11-22 01:03:51,100 INFO 13760 [egg-schedule]: register schedule D:\maikeiserve\egg-mysql\node_modules\_egg-logrotator@3.1.0@egg-logrotator\app\schedule\clean_log.js
2020-11-22 01:03:51,100 INFO 13760 [egg-schedule]: register schedule D:\maikeiserve\egg-mysql\node_modules\_egg-logrotator@3.1.0@egg-logrotator\app\schedule\rotate_by_file.js
2020-11-22 01:03:52,836 INFO 8512 [egg-schedule]: register schedule D:\maikeiserve\egg-mysql\node_modules\_egg-multipart@2.10.3@egg-multipart\app\schedule\clean_tmpdir.js
2020-11-22 01:03:52,836 INFO 8512 [egg-schedule]: register schedule D:\maikeiserve\egg-mysql\node_modules\_egg-logrotator@3.1.0@egg-logrotator\app\schedule\clean_log.js
2020-11-22 01:03:52,836 INFO 8512 [egg-schedule]: register schedule D:\maikeiserve\egg-mysql\node_modules\_egg-logrotator@3.1.0@egg-logrotator\app\schedule\rotate_by_file.js
2020-11-22 01:03:57,496 INFO 13228 [egg-schedule]: register schedule D:\maikeiserve\egg-mysql\node_modules\_egg-multipart@2.10.3@egg-multipart\app\schedule\clean_tmpdir.js
2020-11-22 01:03:57,496 INFO 13228 [egg-schedule]: register schedule D:\maikeiserve\egg-mysql\node_modules\_egg-logrotator@3.1.0@egg-logrotator\app\schedule\clean_log.js
2020-11-22 01:03:57,496 INFO 13228 [egg-schedule]: register schedule D:\maikeiserve\egg-mysql\node_modules\_egg-logrotator@3.1.0@egg-logrotator\app\schedule\rotate_by_file.js
2020-11-22 01:03:58,997 INFO 11852 [egg-schedule]: register schedule D:\maikeiserve\egg-mysql\node_modules\_egg-multipart@2.10.3@egg-multipart\app\schedule\clean_tmpdir.js
2020-11-22 01:03:58,997 INFO 11852 [egg-schedule]: register schedule D:\maikeiserve\egg-mysql\node_modules\_egg-logrotator@3.1.0@egg-logrotator\app\schedule\clean_log.js
2020-11-22 01:03:58,997 INFO 11852 [egg-schedule]: register schedule D:\maikeiserve\egg-mysql\node_modules\_egg-logrotator@3.1.0@egg-logrotator\app\schedule\rotate_by_file.js
2020-11-22 01:04:04,395 INFO 11384 [egg-schedule]: register schedule D:\maikeiserve\egg-mysql\node_modules\_egg-multipart@2.10.3@egg-multipart\app\schedule\clean_tmpdir.js
2020-11-22 01:04:04,395 INFO 11384 [egg-schedule]: register schedule D:\maikeiserve\egg-mysql\node_modules\_egg-logrotator@3.1.0@egg-logrotator\app\schedule\clean_log.js
2020-11-22 01:04:04,395 INFO 11384 [egg-schedule]: register schedule D:\maikeiserve\egg-mysql\node_modules\_egg-logrotator@3.1.0@egg-logrotator\app\schedule\rotate_by_file.js
2020-11-22 01:04:07,383 INFO 12440 [egg-schedule]: register schedule D:\maikeiserve\egg-mysql\node_modules\_egg-multipart@2.10.3@egg-multipart\app\schedule\clean_tmpdir.js
2020-11-22 01:04:07,383 INFO 12440 [egg-schedule]: register schedule D:\maikeiserve\egg-mysql\node_modules\_egg-logrotator@3.1.0@egg-logrotator\app\schedule\clean_log.js
2020-11-22 01:04:07,383 INFO 12440 [egg-schedule]: register schedule D:\maikeiserve\egg-mysql\node_modules\_egg-logrotator@3.1.0@egg-logrotator\app\schedule\rotate_by_file.js
2020-11-22 01:04:13,516 INFO 13476 [egg-schedule]: register schedule D:\maikeiserve\egg-mysql\node_modules\_egg-multipart@2.10.3@egg-multipart\app\schedule\clean_tmpdir.js
2020-11-22 01:04:13,516 INFO 13476 [egg-schedule]: register schedule D:\maikeiserve\egg-mysql\node_modules\_egg-logrotator@3.1.0@egg-logrotator\app\schedule\clean_log.js
2020-11-22 01:04:13,516 INFO 13476 [egg-schedule]: register schedule D:\maikeiserve\egg-mysql\node_modules\_egg-logrotator@3.1.0@egg-logrotator\app\schedule\rotate_by_file.js
2020-11-22 16:14:06,994 INFO 9284 [Timer] D:\maikeiserve\egg-mysql\node_modules\_egg-multipart@2.10.3@egg-multipart\app\schedule\clean_tmpdir.js next time will execute after 44153008ms at 2020-11-23 04:30:00.002
2020-11-22 16:14:06,995 INFO 9284 [Timer] D:\maikeiserve\egg-mysql\node_modules\_egg-logrotator@3.1.0@egg-logrotator\app\schedule\clean_log.js next time will execute after 27953005ms at 2020-11-23 00:00:00.000
2020-11-22 16:14:06,995 INFO 9284 [Timer] D:\maikeiserve\egg-mysql\node_modules\_egg-logrotator@3.1.0@egg-logrotator\app\schedule\rotate_by_file.js next time will execute after 27954005ms at 2020-11-23 00:00:01.000
2020-11-22 16:14:06,744 INFO 10732 [egg-schedule]: register schedule D:\maikeiserve\egg-mysql\node_modules\_egg-multipart@2.10.3@egg-multipart\app\schedule\clean_tmpdir.js
2020-11-22 16:14:06,744 INFO 10732 [egg-schedule]: register schedule D:\maikeiserve\egg-mysql\node_modules\_egg-logrotator@3.1.0@egg-logrotator\app\schedule\clean_log.js
2020-11-22 16:14:06,744 INFO 10732 [egg-schedule]: register schedule D:\maikeiserve\egg-mysql\node_modules\_egg-logrotator@3.1.0@egg-logrotator\app\schedule\rotate_by_file.js
2020-11-22 17:19:41,380 INFO 6180 [egg-schedule]: register schedule D:\maikeiserve\egg-mysql\node_modules\_egg-multipart@2.10.3@egg-multipart\app\schedule\clean_tmpdir.js
2020-11-22 17:19:41,380 INFO 6180 [egg-schedule]: register schedule D:\maikeiserve\egg-mysql\node_modules\_egg-logrotator@3.1.0@egg-logrotator\app\schedule\clean_log.js
2020-11-22 17:19:41,380 INFO 6180 [egg-schedule]: register schedule D:\maikeiserve\egg-mysql\node_modules\_egg-logrotator@3.1.0@egg-logrotator\app\schedule\rotate_by_file.js
2020-11-22 17:19:43,215 INFO 2864 [egg-schedule]: register schedule D:\maikeiserve\egg-mysql\node_modules\_egg-multipart@2.10.3@egg-multipart\app\schedule\clean_tmpdir.js
2020-11-22 17:19:43,215 INFO 2864 [egg-schedule]: register schedule D:\maikeiserve\egg-mysql\node_modules\_egg-logrotator@3.1.0@egg-logrotator\app\schedule\clean_log.js
2020-11-22 17:19:43,215 INFO 2864 [egg-schedule]: register schedule D:\maikeiserve\egg-mysql\node_modules\_egg-logrotator@3.1.0@egg-logrotator\app\schedule\rotate_by_file.js
2020-11-22 17:19:50,971 INFO 11004 [egg-schedule]: register schedule D:\maikeiserve\egg-mysql\node_modules\_egg-multipart@2.10.3@egg-multipart\app\schedule\clean_tmpdir.js
2020-11-22 17:19:50,971 INFO 11004 [egg-schedule]: register schedule D:\maikeiserve\egg-mysql\node_modules\_egg-logrotator@3.1.0@egg-logrotator\app\schedule\clean_log.js
2020-11-22 17:19:50,971 INFO 11004 [egg-schedule]: register schedule D:\maikeiserve\egg-mysql\node_modules\_egg-logrotator@3.1.0@egg-logrotator\app\schedule\rotate_by_file.js
2020-11-22 20:42:48,170 INFO 12012 [egg-schedule]: register schedule D:\maikeiserve\egg-mysql\node_modules\_egg-multipart@2.10.3@egg-multipart\app\schedule\clean_tmpdir.js
2020-11-22 20:42:48,170 INFO 12012 [egg-schedule]: register schedule D:\maikeiserve\egg-mysql\node_modules\_egg-logrotator@3.1.0@egg-logrotator\app\schedule\clean_log.js
2020-11-22 20:42:48,170 INFO 12012 [egg-schedule]: register schedule D:\maikeiserve\egg-mysql\node_modules\_egg-logrotator@3.1.0@egg-logrotator\app\schedule\rotate_by_file.js
2020-11-22 20:43:34,820 INFO 12136 [egg-schedule]: register schedule D:\maikeiserve\egg-mysql\node_modules\_egg-multipart@2.10.3@egg-multipart\app\schedule\clean_tmpdir.js
2020-11-22 20:43:34,821 INFO 12136 [egg-schedule]: register schedule D:\maikeiserve\egg-mysql\node_modules\_egg-logrotator@3.1.0@egg-logrotator\app\schedule\clean_log.js
2020-11-22 20:43:34,821 INFO 12136 [egg-schedule]: register schedule D:\maikeiserve\egg-mysql\node_modules\_egg-logrotator@3.1.0@egg-logrotator\app\schedule\rotate_by_file.js
2020-11-22 20:44:29,942 INFO 11820 [egg-schedule]: register schedule D:\maikeiserve\egg-mysql\node_modules\_egg-multipart@2.10.3@egg-multipart\app\schedule\clean_tmpdir.js
2020-11-22 20:44:29,942 INFO 11820 [egg-schedule]: register schedule D:\maikeiserve\egg-mysql\node_modules\_egg-logrotator@3.1.0@egg-logrotator\app\schedule\clean_log.js
2020-11-22 20:44:29,942 INFO 11820 [egg-schedule]: register schedule D:\maikeiserve\egg-mysql\node_modules\_egg-logrotator@3.1.0@egg-logrotator\app\schedule\rotate_by_file.js
2020-11-22 20:44:31,538 INFO 10256 [egg-schedule]: register schedule D:\maikeiserve\egg-mysql\node_modules\_egg-multipart@2.10.3@egg-multipart\app\schedule\clean_tmpdir.js
2020-11-22 20:44:31,538 INFO 10256 [egg-schedule]: register schedule D:\maikeiserve\egg-mysql\node_modules\_egg-logrotator@3.1.0@egg-logrotator\app\schedule\clean_log.js
2020-11-22 20:44:31,538 INFO 10256 [egg-schedule]: register schedule D:\maikeiserve\egg-mysql\node_modules\_egg-logrotator@3.1.0@egg-logrotator\app\schedule\rotate_by_file.js
2020-11-23 21:16:41,717 INFO 8904 [egg-schedule]: register schedule D:\maikeiserve\egg-mysql\node_modules\_egg-multipart@2.10.3@egg-multipart\app\schedule\clean_tmpdir.js
2020-11-23 21:16:41,717 INFO 8904 [egg-schedule]: register schedule D:\maikeiserve\egg-mysql\node_modules\_egg-logrotator@3.1.0@egg-logrotator\app\schedule\clean_log.js
2020-11-23 21:16:41,717 INFO 8904 [egg-schedule]: register schedule D:\maikeiserve\egg-mysql\node_modules\_egg-logrotator@3.1.0@egg-logrotator\app\schedule\rotate_by_file.js
2020-11-23 21:16:42,429 INFO 8956 [Timer] D:\maikeiserve\egg-mysql\node_modules\_egg-multipart@2.10.3@egg-multipart\app\schedule\clean_tmpdir.js next time will execute after 25997573ms at 2020-11-24 04:30:00.002
2020-11-23 21:16:42,429 INFO 8956 [Timer] D:\maikeiserve\egg-mysql\node_modules\_egg-logrotator@3.1.0@egg-logrotator\app\schedule\clean_log.js next time will execute after 9797571ms at 2020-11-24 00:00:00.000
2020-11-23 21:16:42,429 INFO 8956 [Timer] D:\maikeiserve\egg-mysql\node_modules\_egg-logrotator@3.1.0@egg-logrotator\app\schedule\rotate_by_file.js next time will execute after 9798571ms at 2020-11-24 00:00:01.000
2020-11-23 21:17:31,134 INFO 9004 [egg-schedule]: register schedule D:\maikeiserve\egg-mysql\node_modules\_egg-multipart@2.10.3@egg-multipart\app\schedule\clean_tmpdir.js
2020-11-23 21:17:31,134 INFO 9004 [egg-schedule]: register schedule D:\maikeiserve\egg-mysql\node_modules\_egg-logrotator@3.1.0@egg-logrotator\app\schedule\clean_log.js
2020-11-23 21:17:31,134 INFO 9004 [egg-schedule]: register schedule D:\maikeiserve\egg-mysql\node_modules\_egg-logrotator@3.1.0@egg-logrotator\app\schedule\rotate_by_file.js
2020-11-23 21:17:57,978 INFO 10580 [egg-schedule]: register schedule D:\maikeiserve\egg-mysql\node_modules\_egg-multipart@2.10.3@egg-multipart\app\schedule\clean_tmpdir.js
2020-11-23 21:17:57,978 INFO 10580 [egg-schedule]: register schedule D:\maikeiserve\egg-mysql\node_modules\_egg-logrotator@3.1.0@egg-logrotator\app\schedule\clean_log.js
2020-11-23 21:17:57,978 INFO 10580 [egg-schedule]: register schedule D:\maikeiserve\egg-mysql\node_modules\_egg-logrotator@3.1.0@egg-logrotator\app\schedule\rotate_by_file.js
2020-11-23 21:18:27,056 INFO 10924 [egg-schedule]: register schedule D:\maikeiserve\egg-mysql\node_modules\_egg-multipart@2.10.3@egg-multipart\app\schedule\clean_tmpdir.js
2020-11-23 21:18:27,056 INFO 10924 [egg-schedule]: register schedule D:\maikeiserve\egg-mysql\node_modules\_egg-logrotator@3.1.0@egg-logrotator\app\schedule\clean_log.js
2020-11-23 21:18:27,056 INFO 10924 [egg-schedule]: register schedule D:\maikeiserve\egg-mysql\node_modules\_egg-logrotator@3.1.0@egg-logrotator\app\schedule\rotate_by_file.js
2020-11-23 21:18:58,689 INFO 10388 [egg-schedule]: register schedule D:\maikeiserve\egg-mysql\node_modules\_egg-multipart@2.10.3@egg-multipart\app\schedule\clean_tmpdir.js
2020-11-23 21:18:58,690 INFO 10388 [egg-schedule]: register schedule D:\maikeiserve\egg-mysql\node_modules\_egg-logrotator@3.1.0@egg-logrotator\app\schedule\clean_log.js
2020-11-23 21:18:58,690 INFO 10388 [egg-schedule]: register schedule D:\maikeiserve\egg-mysql\node_modules\_egg-logrotator@3.1.0@egg-logrotator\app\schedule\rotate_by_file.js
2020-11-23 21:20:15,524 INFO 10868 [egg-schedule]: register schedule D:\maikeiserve\egg-mysql\node_modules\_egg-multipart@2.10.3@egg-multipart\app\schedule\clean_tmpdir.js
2020-11-23 21:20:15,524 INFO 10868 [egg-schedule]: register schedule D:\maikeiserve\egg-mysql\node_modules\_egg-logrotator@3.1.0@egg-logrotator\app\schedule\clean_log.js
2020-11-23 21:20:15,524 INFO 10868 [egg-schedule]: register schedule D:\maikeiserve\egg-mysql\node_modules\_egg-logrotator@3.1.0@egg-logrotator\app\schedule\rotate_by_file.js
2020-11-23 21:40:10,156 INFO 10940 [egg-schedule]: register schedule D:\maikeiserve\egg-mysql\node_modules\_egg-multipart@2.10.3@egg-multipart\app\schedule\clean_tmpdir.js
2020-11-23 21:40:10,156 INFO 10940 [egg-schedule]: register schedule D:\maikeiserve\egg-mysql\node_modules\_egg-logrotator@3.1.0@egg-logrotator\app\schedule\clean_log.js
2020-11-23 21:40:10,156 INFO 10940 [egg-schedule]: register schedule D:\maikeiserve\egg-mysql\node_modules\_egg-logrotator@3.1.0@egg-logrotator\app\schedule\rotate_by_file.js
2020-11-23 21:45:08,947 INFO 11848 [egg-schedule]: register schedule D:\maikeiserve\egg-mysql\node_modules\_egg-multipart@2.10.3@egg-multipart\app\schedule\clean_tmpdir.js
2020-11-23 21:45:08,947 INFO 11848 [egg-schedule]: register schedule D:\maikeiserve\egg-mysql\node_modules\_egg-logrotator@3.1.0@egg-logrotator\app\schedule\clean_log.js
2020-11-23 21:45:08,947 INFO 11848 [egg-schedule]: register schedule D:\maikeiserve\egg-mysql\node_modules\_egg-logrotator@3.1.0@egg-logrotator\app\schedule\rotate_by_file.js
2020-11-23 21:45:20,907 INFO 9812 [egg-schedule]: register schedule D:\maikeiserve\egg-mysql\node_modules\_egg-multipart@2.10.3@egg-multipart\app\schedule\clean_tmpdir.js
2020-11-23 21:45:20,907 INFO 9812 [egg-schedule]: register schedule D:\maikeiserve\egg-mysql\node_modules\_egg-logrotator@3.1.0@egg-logrotator\app\schedule\clean_log.js
2020-11-23 21:45:20,907 INFO 9812 [egg-schedule]: register schedule D:\maikeiserve\egg-mysql\node_modules\_egg-logrotator@3.1.0@egg-logrotator\app\schedule\rotate_by_file.js
2020-11-23 21:45:24,048 INFO 10428 [egg-schedule]: register schedule D:\maikeiserve\egg-mysql\node_modules\_egg-multipart@2.10.3@egg-multipart\app\schedule\clean_tmpdir.js
2020-11-23 21:45:24,048 INFO 10428 [egg-schedule]: register schedule D:\maikeiserve\egg-mysql\node_modules\_egg-logrotator@3.1.0@egg-logrotator\app\schedule\clean_log.js
2020-11-23 21:45:24,048 INFO 10428 [egg-schedule]: register schedule D:\maikeiserve\egg-mysql\node_modules\_egg-logrotator@3.1.0@egg-logrotator\app\schedule\rotate_by_file.js
2020-11-23 21:47:00,103 INFO 10044 [egg-schedule]: register schedule D:\maikeiserve\egg-mysql\node_modules\_egg-multipart@2.10.3@egg-multipart\app\schedule\clean_tmpdir.js
2020-11-23 21:47:00,103 INFO 10044 [egg-schedule]: register schedule D:\maikeiserve\egg-mysql\node_modules\_egg-logrotator@3.1.0@egg-logrotator\app\schedule\clean_log.js
2020-11-23 21:47:00,103 INFO 10044 [egg-schedule]: register schedule D:\maikeiserve\egg-mysql\node_modules\_egg-logrotator@3.1.0@egg-logrotator\app\schedule\rotate_by_file.js
2020-11-23 21:48:41,232 INFO 11140 [egg-schedule]: register schedule D:\maikeiserve\egg-mysql\node_modules\_egg-multipart@2.10.3@egg-multipart\app\schedule\clean_tmpdir.js
2020-11-23 21:48:41,232 INFO 11140 [egg-schedule]: register schedule D:\maikeiserve\egg-mysql\node_modules\_egg-logrotator@3.1.0@egg-logrotator\app\schedule\clean_log.js
2020-11-23 21:48:41,232 INFO 11140 [egg-schedule]: register schedule D:\maikeiserve\egg-mysql\node_modules\_egg-logrotator@3.1.0@egg-logrotator\app\schedule\rotate_by_file.js
2020-11-23 21:54:37,689 INFO 5924 [egg-schedule]: register schedule D:\maikeiserve\egg-mysql\node_modules\_egg-multipart@2.10.3@egg-multipart\app\schedule\clean_tmpdir.js
2020-11-23 21:54:37,689 INFO 5924 [egg-schedule]: register schedule D:\maikeiserve\egg-mysql\node_modules\_egg-logrotator@3.1.0@egg-logrotator\app\schedule\clean_log.js
2020-11-23 21:54:37,689 INFO 5924 [egg-schedule]: register schedule D:\maikeiserve\egg-mysql\node_modules\_egg-logrotator@3.1.0@egg-logrotator\app\schedule\rotate_by_file.js
2020-11-23 21:54:42,961 INFO 6836 [egg-schedule]: register schedule D:\maikeiserve\egg-mysql\node_modules\_egg-multipart@2.10.3@egg-multipart\app\schedule\clean_tmpdir.js
2020-11-23 21:54:42,961 INFO 6836 [egg-schedule]: register schedule D:\maikeiserve\egg-mysql\node_modules\_egg-logrotator@3.1.0@egg-logrotator\app\schedule\clean_log.js
2020-11-23 21:54:42,961 INFO 6836 [egg-schedule]: register schedule D:\maikeiserve\egg-mysql\node_modules\_egg-logrotator@3.1.0@egg-logrotator\app\schedule\rotate_by_file.js
2020-11-23 21:54:53,565 INFO 7820 [egg-schedule]: register schedule D:\maikeiserve\egg-mysql\node_modules\_egg-multipart@2.10.3@egg-multipart\app\schedule\clean_tmpdir.js
2020-11-23 21:54:53,565 INFO 7820 [egg-schedule]: register schedule D:\maikeiserve\egg-mysql\node_modules\_egg-logrotator@3.1.0@egg-logrotator\app\schedule\clean_log.js
2020-11-23 21:54:53,565 INFO 7820 [egg-schedule]: register schedule D:\maikeiserve\egg-mysql\node_modules\_egg-logrotator@3.1.0@egg-logrotator\app\schedule\rotate_by_file.js
2020-11-23 21:55:07,122 INFO 8640 [egg-schedule]: register schedule D:\maikeiserve\egg-mysql\node_modules\_egg-multipart@2.10.3@egg-multipart\app\schedule\clean_tmpdir.js
2020-11-23 21:55:07,122 INFO 8640 [egg-schedule]: register schedule D:\maikeiserve\egg-mysql\node_modules\_egg-logrotator@3.1.0@egg-logrotator\app\schedule\clean_log.js
2020-11-23 21:55:07,122 INFO 8640 [egg-schedule]: register schedule D:\maikeiserve\egg-mysql\node_modules\_egg-logrotator@3.1.0@egg-logrotator\app\schedule\rotate_by_file.js
2020-11-23 21:55:15,549 INFO 10316 [egg-schedule]: register schedule D:\maikeiserve\egg-mysql\node_modules\_egg-multipart@2.10.3@egg-multipart\app\schedule\clean_tmpdir.js
2020-11-23 21:55:15,549 INFO 10316 [egg-schedule]: register schedule D:\maikeiserve\egg-mysql\node_modules\_egg-logrotator@3.1.0@egg-logrotator\app\schedule\clean_log.js
2020-11-23 21:55:15,549 INFO 10316 [egg-schedule]: register schedule D:\maikeiserve\egg-mysql\node_modules\_egg-logrotator@3.1.0@egg-logrotator\app\schedule\rotate_by_file.js
2020-11-23 21:55:39,840 INFO 10440 [egg-schedule]: register schedule D:\maikeiserve\egg-mysql\node_modules\_egg-multipart@2.10.3@egg-multipart\app\schedule\clean_tmpdir.js
2020-11-23 21:55:39,840 INFO 10440 [egg-schedule]: register schedule D:\maikeiserve\egg-mysql\node_modules\_egg-logrotator@3.1.0@egg-logrotator\app\schedule\clean_log.js
2020-11-23 21:55:39,840 INFO 10440 [egg-schedule]: register schedule D:\maikeiserve\egg-mysql\node_modules\_egg-logrotator@3.1.0@egg-logrotator\app\schedule\rotate_by_file.js
2020-11-23 21:55:49,819 INFO 11332 [egg-schedule]: register schedule D:\maikeiserve\egg-mysql\node_modules\_egg-multipart@2.10.3@egg-multipart\app\schedule\clean_tmpdir.js
2020-11-23 21:55:49,819 INFO 11332 [egg-schedule]: register schedule D:\maikeiserve\egg-mysql\node_modules\_egg-logrotator@3.1.0@egg-logrotator\app\schedule\clean_log.js
2020-11-23 21:55:49,819 INFO 11332 [egg-schedule]: register schedule D:\maikeiserve\egg-mysql\node_modules\_egg-logrotator@3.1.0@egg-logrotator\app\schedule\rotate_by_file.js
2020-11-23 21:55:53,797 INFO 2088 [egg-schedule]: register schedule D:\maikeiserve\egg-mysql\node_modules\_egg-multipart@2.10.3@egg-multipart\app\schedule\clean_tmpdir.js
2020-11-23 21:55:53,797 INFO 2088 [egg-schedule]: register schedule D:\maikeiserve\egg-mysql\node_modules\_egg-logrotator@3.1.0@egg-logrotator\app\schedule\clean_log.js
2020-11-23 21:55:53,797 INFO 2088 [egg-schedule]: register schedule D:\maikeiserve\egg-mysql\node_modules\_egg-logrotator@3.1.0@egg-logrotator\app\schedule\rotate_by_file.js
2020-11-23 21:56:14,896 INFO 8904 [egg-schedule]: register schedule D:\maikeiserve\egg-mysql\node_modules\_egg-multipart@2.10.3@egg-multipart\app\schedule\clean_tmpdir.js
2020-11-23 21:56:14,896 INFO 8904 [egg-schedule]: register schedule D:\maikeiserve\egg-mysql\node_modules\_egg-logrotator@3.1.0@egg-logrotator\app\schedule\clean_log.js
2020-11-23 21:56:14,896 INFO 8904 [egg-schedule]: register schedule D:\maikeiserve\egg-mysql\node_modules\_egg-logrotator@3.1.0@egg-logrotator\app\schedule\rotate_by_file.js
2020-11-23 21:56:24,419 INFO 4312 [egg-schedule]: register schedule D:\maikeiserve\egg-mysql\node_modules\_egg-multipart@2.10.3@egg-multipart\app\schedule\clean_tmpdir.js
2020-11-23 21:56:24,419 INFO 4312 [egg-schedule]: register schedule D:\maikeiserve\egg-mysql\node_modules\_egg-logrotator@3.1.0@egg-logrotator\app\schedule\clean_log.js
2020-11-23 21:56:24,419 INFO 4312 [egg-schedule]: register schedule D:\maikeiserve\egg-mysql\node_modules\_egg-logrotator@3.1.0@egg-logrotator\app\schedule\rotate_by_file.js
2020-11-23 21:56:25,985 INFO 10312 [egg-schedule]: register schedule D:\maikeiserve\egg-mysql\node_modules\_egg-multipart@2.10.3@egg-multipart\app\schedule\clean_tmpdir.js
2020-11-23 21:56:25,985 INFO 10312 [egg-schedule]: register schedule D:\maikeiserve\egg-mysql\node_modules\_egg-logrotator@3.1.0@egg-logrotator\app\schedule\clean_log.js
2020-11-23 21:56:25,985 INFO 10312 [egg-schedule]: register schedule D:\maikeiserve\egg-mysql\node_modules\_egg-logrotator@3.1.0@egg-logrotator\app\schedule\rotate_by_file.js
2020-11-23 21:56:27,955 INFO 9560 [egg-schedule]: register schedule D:\maikeiserve\egg-mysql\node_modules\_egg-multipart@2.10.3@egg-multipart\app\schedule\clean_tmpdir.js
2020-11-23 21:56:27,956 INFO 9560 [egg-schedule]: register schedule D:\maikeiserve\egg-mysql\node_modules\_egg-logrotator@3.1.0@egg-logrotator\app\schedule\clean_log.js
2020-11-23 21:56:27,956 INFO 9560 [egg-schedule]: register schedule D:\maikeiserve\egg-mysql\node_modules\_egg-logrotator@3.1.0@egg-logrotator\app\schedule\rotate_by_file.js
2020-11-23 21:56:30,437 INFO 10844 [egg-schedule]: register schedule D:\maikeiserve\egg-mysql\node_modules\_egg-multipart@2.10.3@egg-multipart\app\schedule\clean_tmpdir.js
2020-11-23 21:56:30,437 INFO 10844 [egg-schedule]: register schedule D:\maikeiserve\egg-mysql\node_modules\_egg-logrotator@3.1.0@egg-logrotator\app\schedule\clean_log.js
2020-11-23 21:56:30,437 INFO 10844 [egg-schedule]: register schedule D:\maikeiserve\egg-mysql\node_modules\_egg-logrotator@3.1.0@egg-logrotator\app\schedule\rotate_by_file.js
2020-11-23 21:56:31,631 INFO 11528 [egg-schedule]: register schedule D:\maikeiserve\egg-mysql\node_modules\_egg-multipart@2.10.3@egg-multipart\app\schedule\clean_tmpdir.js
2020-11-23 21:56:31,631 INFO 11528 [egg-schedule]: register schedule D:\maikeiserve\egg-mysql\node_modules\_egg-logrotator@3.1.0@egg-logrotator\app\schedule\clean_log.js
2020-11-23 21:56:31,631 INFO 11528 [egg-schedule]: register schedule D:\maikeiserve\egg-mysql\node_modules\_egg-logrotator@3.1.0@egg-logrotator\app\schedule\rotate_by_file.js
2020-11-23 22:02:54,853 INFO 12264 [egg-schedule]: register schedule D:\maikeiserve\egg-mysql\node_modules\_egg-multipart@2.10.3@egg-multipart\app\schedule\clean_tmpdir.js
2020-11-23 22:02:54,853 INFO 12264 [egg-schedule]: register schedule D:\maikeiserve\egg-mysql\node_modules\_egg-logrotator@3.1.0@egg-logrotator\app\schedule\clean_log.js
2020-11-23 22:02:54,853 INFO 12264 [egg-schedule]: register schedule D:\maikeiserve\egg-mysql\node_modules\_egg-logrotator@3.1.0@egg-logrotator\app\schedule\rotate_by_file.js
2020-11-23 22:02:56,790 INFO 9068 [egg-schedule]: register schedule D:\maikeiserve\egg-mysql\node_modules\_egg-multipart@2.10.3@egg-multipart\app\schedule\clean_tmpdir.js
2020-11-23 22:02:56,790 INFO 9068 [egg-schedule]: register schedule D:\maikeiserve\egg-mysql\node_modules\_egg-logrotator@3.1.0@egg-logrotator\app\schedule\clean_log.js
2020-11-23 22:02:56,790 INFO 9068 [egg-schedule]: register schedule D:\maikeiserve\egg-mysql\node_modules\_egg-logrotator@3.1.0@egg-logrotator\app\schedule\rotate_by_file.js
2020-11-23 22:02:59,523 INFO 5912 [egg-schedule]: register schedule D:\maikeiserve\egg-mysql\node_modules\_egg-multipart@2.10.3@egg-multipart\app\schedule\clean_tmpdir.js
2020-11-23 22:02:59,523 INFO 5912 [egg-schedule]: register schedule D:\maikeiserve\egg-mysql\node_modules\_egg-logrotator@3.1.0@egg-logrotator\app\schedule\clean_log.js
2020-11-23 22:02:59,523 INFO 5912 [egg-schedule]: register schedule D:\maikeiserve\egg-mysql\node_modules\_egg-logrotator@3.1.0@egg-logrotator\app\schedule\rotate_by_file.js
2020-11-23 22:03:03,721 INFO 11800 [egg-schedule]: register schedule D:\maikeiserve\egg-mysql\node_modules\_egg-multipart@2.10.3@egg-multipart\app\schedule\clean_tmpdir.js
2020-11-23 22:03:03,721 INFO 11800 [egg-schedule]: register schedule D:\maikeiserve\egg-mysql\node_modules\_egg-logrotator@3.1.0@egg-logrotator\app\schedule\clean_log.js
2020-11-23 22:03:03,721 INFO 11800 [egg-schedule]: register schedule D:\maikeiserve\egg-mysql\node_modules\_egg-logrotator@3.1.0@egg-logrotator\app\schedule\rotate_by_file.js
2020-11-23 22:03:06,308 INFO 844 [egg-schedule]: register schedule D:\maikeiserve\egg-mysql\node_modules\_egg-multipart@2.10.3@egg-multipart\app\schedule\clean_tmpdir.js
2020-11-23 22:03:06,308 INFO 844 [egg-schedule]: register schedule D:\maikeiserve\egg-mysql\node_modules\_egg-logrotator@3.1.0@egg-logrotator\app\schedule\clean_log.js
2020-11-23 22:03:06,308 INFO 844 [egg-schedule]: register schedule D:\maikeiserve\egg-mysql\node_modules\_egg-logrotator@3.1.0@egg-logrotator\app\schedule\rotate_by_file.js
2020-11-23 22:03:13,588 INFO 9140 [egg-schedule]: register schedule D:\maikeiserve\egg-mysql\node_modules\_egg-multipart@2.10.3@egg-multipart\app\schedule\clean_tmpdir.js
2020-11-23 22:03:13,588 INFO 9140 [egg-schedule]: register schedule D:\maikeiserve\egg-mysql\node_modules\_egg-logrotator@3.1.0@egg-logrotator\app\schedule\clean_log.js
2020-11-23 22:03:13,588 INFO 9140 [egg-schedule]: register schedule D:\maikeiserve\egg-mysql\node_modules\_egg-logrotator@3.1.0@egg-logrotator\app\schedule\rotate_by_file.js
2020-11-23 22:03:16,430 INFO 9896 [egg-schedule]: register schedule D:\maikeiserve\egg-mysql\node_modules\_egg-multipart@2.10.3@egg-multipart\app\schedule\clean_tmpdir.js
2020-11-23 22:03:16,430 INFO 9896 [egg-schedule]: register schedule D:\maikeiserve\egg-mysql\node_modules\_egg-logrotator@3.1.0@egg-logrotator\app\schedule\clean_log.js
2020-11-23 22:03:16,430 INFO 9896 [egg-schedule]: register schedule D:\maikeiserve\egg-mysql\node_modules\_egg-logrotator@3.1.0@egg-logrotator\app\schedule\rotate_by_file.js
2020-11-23 22:03:36,469 INFO 2880 [egg-schedule]: register schedule D:\maikeiserve\egg-mysql\node_modules\_egg-multipart@2.10.3@egg-multipart\app\schedule\clean_tmpdir.js
2020-11-23 22:03:36,470 INFO 2880 [egg-schedule]: register schedule D:\maikeiserve\egg-mysql\node_modules\_egg-logrotator@3.1.0@egg-logrotator\app\schedule\clean_log.js
2020-11-23 22:03:36,470 INFO 2880 [egg-schedule]: register schedule D:\maikeiserve\egg-mysql\node_modules\_egg-logrotator@3.1.0@egg-logrotator\app\schedule\rotate_by_file.js
2020-11-23 22:03:37,985 INFO 8876 [egg-schedule]: register schedule D:\maikeiserve\egg-mysql\node_modules\_egg-multipart@2.10.3@egg-multipart\app\schedule\clean_tmpdir.js
2020-11-23 22:03:37,986 INFO 8876 [egg-schedule]: register schedule D:\maikeiserve\egg-mysql\node_modules\_egg-logrotator@3.1.0@egg-logrotator\app\schedule\clean_log.js
2020-11-23 22:03:37,986 INFO 8876 [egg-schedule]: register schedule D:\maikeiserve\egg-mysql\node_modules\_egg-logrotator@3.1.0@egg-logrotator\app\schedule\rotate_by_file.js
2020-11-23 22:09:45,923 INFO 7368 [egg-schedule]: register schedule D:\maikeiserve\egg-mysql\node_modules\_egg-multipart@2.10.3@egg-multipart\app\schedule\clean_tmpdir.js
2020-11-23 22:09:45,923 INFO 7368 [egg-schedule]: register schedule D:\maikeiserve\egg-mysql\node_modules\_egg-logrotator@3.1.0@egg-logrotator\app\schedule\clean_log.js
2020-11-23 22:09:45,923 INFO 7368 [egg-schedule]: register schedule D:\maikeiserve\egg-mysql\node_modules\_egg-logrotator@3.1.0@egg-logrotator\app\schedule\rotate_by_file.js
2020-11-23 22:13:29,050 INFO 8744 [egg-schedule]: register schedule D:\maikeiserve\egg-mysql\node_modules\_egg-multipart@2.10.3@egg-multipart\app\schedule\clean_tmpdir.js
2020-11-23 22:13:29,050 INFO 8744 [egg-schedule]: register schedule D:\maikeiserve\egg-mysql\node_modules\_egg-logrotator@3.1.0@egg-logrotator\app\schedule\clean_log.js
2020-11-23 22:13:29,050 INFO 8744 [egg-schedule]: register schedule D:\maikeiserve\egg-mysql\node_modules\_egg-logrotator@3.1.0@egg-logrotator\app\schedule\rotate_by_file.js
2020-11-23 22:17:10,874 INFO 8228 [egg-schedule]: register schedule D:\maikeiserve\egg-mysql\node_modules\_egg-multipart@2.10.3@egg-multipart\app\schedule\clean_tmpdir.js
2020-11-23 22:17:10,874 INFO 8228 [egg-schedule]: register schedule D:\maikeiserve\egg-mysql\node_modules\_egg-logrotator@3.1.0@egg-logrotator\app\schedule\clean_log.js
2020-11-23 22:17:10,874 INFO 8228 [egg-schedule]: register schedule D:\maikeiserve\egg-mysql\node_modules\_egg-logrotator@3.1.0@egg-logrotator\app\schedule\rotate_by_file.js
2020-11-23 22:17:12,398 INFO 9856 [egg-schedule]: register schedule D:\maikeiserve\egg-mysql\node_modules\_egg-multipart@2.10.3@egg-multipart\app\schedule\clean_tmpdir.js
2020-11-23 22:17:12,398 INFO 9856 [egg-schedule]: register schedule D:\maikeiserve\egg-mysql\node_modules\_egg-logrotator@3.1.0@egg-logrotator\app\schedule\clean_log.js
2020-11-23 22:17:12,398 INFO 9856 [egg-schedule]: register schedule D:\maikeiserve\egg-mysql\node_modules\_egg-logrotator@3.1.0@egg-logrotator\app\schedule\rotate_by_file.js
2020-11-23 22:17:16,295 INFO 11140 [egg-schedule]: register schedule D:\maikeiserve\egg-mysql\node_modules\_egg-multipart@2.10.3@egg-multipart\app\schedule\clean_tmpdir.js
2020-11-23 22:17:16,295 INFO 11140 [egg-schedule]: register schedule D:\maikeiserve\egg-mysql\node_modules\_egg-logrotator@3.1.0@egg-logrotator\app\schedule\clean_log.js
2020-11-23 22:17:16,295 INFO 11140 [egg-schedule]: register schedule D:\maikeiserve\egg-mysql\node_modules\_egg-logrotator@3.1.0@egg-logrotator\app\schedule\rotate_by_file.js
2020-11-23 22:17:18,807 INFO 5868 [egg-schedule]: register schedule D:\maikeiserve\egg-mysql\node_modules\_egg-multipart@2.10.3@egg-multipart\app\schedule\clean_tmpdir.js
2020-11-23 22:17:18,807 INFO 5868 [egg-schedule]: register schedule D:\maikeiserve\egg-mysql\node_modules\_egg-logrotator@3.1.0@egg-logrotator\app\schedule\clean_log.js
2020-11-23 22:17:18,807 INFO 5868 [egg-schedule]: register schedule D:\maikeiserve\egg-mysql\node_modules\_egg-logrotator@3.1.0@egg-logrotator\app\schedule\rotate_by_file.js
2020-11-23 22:18:08,789 INFO 7820 [egg-schedule]: register schedule D:\maikeiserve\egg-mysql\node_modules\_egg-multipart@2.10.3@egg-multipart\app\schedule\clean_tmpdir.js
2020-11-23 22:18:08,789 INFO 7820 [egg-schedule]: register schedule D:\maikeiserve\egg-mysql\node_modules\_egg-logrotator@3.1.0@egg-logrotator\app\schedule\clean_log.js
2020-11-23 22:18:08,790 INFO 7820 [egg-schedule]: register schedule D:\maikeiserve\egg-mysql\node_modules\_egg-logrotator@3.1.0@egg-logrotator\app\schedule\rotate_by_file.js
2020-11-23 22:18:10,302 INFO 8760 [egg-schedule]: register schedule D:\maikeiserve\egg-mysql\node_modules\_egg-multipart@2.10.3@egg-multipart\app\schedule\clean_tmpdir.js
2020-11-23 22:18:10,302 INFO 8760 [egg-schedule]: register schedule D:\maikeiserve\egg-mysql\node_modules\_egg-logrotator@3.1.0@egg-logrotator\app\schedule\clean_log.js
2020-11-23 22:18:10,302 INFO 8760 [egg-schedule]: register schedule D:\maikeiserve\egg-mysql\node_modules\_egg-logrotator@3.1.0@egg-logrotator\app\schedule\rotate_by_file.js
2020-11-23 22:20:57,033 INFO 12240 [egg-schedule]: register schedule D:\maikeiserve\egg-mysql\node_modules\_egg-multipart@2.10.3@egg-multipart\app\schedule\clean_tmpdir.js
2020-11-23 22:20:57,033 INFO 12240 [egg-schedule]: register schedule D:\maikeiserve\egg-mysql\node_modules\_egg-logrotator@3.1.0@egg-logrotator\app\schedule\clean_log.js
2020-11-23 22:20:57,033 INFO 12240 [egg-schedule]: register schedule D:\maikeiserve\egg-mysql\node_modules\_egg-logrotator@3.1.0@egg-logrotator\app\schedule\rotate_by_file.js
2020-11-23 22:21:00,331 INFO 11980 [egg-schedule]: register schedule D:\maikeiserve\egg-mysql\node_modules\_egg-multipart@2.10.3@egg-multipart\app\schedule\clean_tmpdir.js
2020-11-23 22:21:00,331 INFO 11980 [egg-schedule]: register schedule D:\maikeiserve\egg-mysql\node_modules\_egg-logrotator@3.1.0@egg-logrotator\app\schedule\clean_log.js
2020-11-23 22:21:00,331 INFO 11980 [egg-schedule]: register schedule D:\maikeiserve\egg-mysql\node_modules\_egg-logrotator@3.1.0@egg-logrotator\app\schedule\rotate_by_file.js
2020-11-23 22:21:07,138 INFO 3300 [egg-schedule]: register schedule D:\maikeiserve\egg-mysql\node_modules\_egg-multipart@2.10.3@egg-multipart\app\schedule\clean_tmpdir.js
2020-11-23 22:21:07,138 INFO 3300 [egg-schedule]: register schedule D:\maikeiserve\egg-mysql\node_modules\_egg-logrotator@3.1.0@egg-logrotator\app\schedule\clean_log.js
2020-11-23 22:21:07,138 INFO 3300 [egg-schedule]: register schedule D:\maikeiserve\egg-mysql\node_modules\_egg-logrotator@3.1.0@egg-logrotator\app\schedule\rotate_by_file.js
2020-11-23 22:21:09,399 INFO 8600 [egg-schedule]: register schedule D:\maikeiserve\egg-mysql\node_modules\_egg-multipart@2.10.3@egg-multipart\app\schedule\clean_tmpdir.js
2020-11-23 22:21:09,400 INFO 8600 [egg-schedule]: register schedule D:\maikeiserve\egg-mysql\node_modules\_egg-logrotator@3.1.0@egg-logrotator\app\schedule\clean_log.js
2020-11-23 22:21:09,400 INFO 8600 [egg-schedule]: register schedule D:\maikeiserve\egg-mysql\node_modules\_egg-logrotator@3.1.0@egg-logrotator\app\schedule\rotate_by_file.js
2020-11-24 09:15:10,112 INFO 8264 [egg-schedule]: register schedule C:\Users\Administrator\Desktop\03组-react项目代码\egg-mysql\egg-mysql1\node_modules\_egg-multipart@2.10.3@egg-multipart\app\schedule\clean_tmpdir.js
2020-11-24 09:15:10,112 INFO 8264 [egg-schedule]: register schedule C:\Users\Administrator\Desktop\03组-react项目代码\egg-mysql\egg-mysql1\node_modules\_egg-logrotator@3.1.0@egg-logrotator\app\schedule\clean_log.js
2020-11-24 09:15:10,112 INFO 8264 [egg-schedule]: register schedule C:\Users\Administrator\Desktop\03组-react项目代码\egg-mysql\egg-mysql1\node_modules\_egg-logrotator@3.1.0@egg-logrotator\app\schedule\rotate_by_file.js
2020-11-24 09:15:13,825 INFO 13804 [Timer] C:\Users\Administrator\Desktop\03组-react项目代码\egg-mysql\egg-mysql1\node_modules\_egg-multipart@2.10.3@egg-multipart\app\schedule\clean_tmpdir.js next time will execute after 69286181ms at 2020-11-25 04:30:00.006
2020-11-24 09:15:13,826 INFO 13804 [Timer] C:\Users\Administrator\Desktop\03组-react项目代码\egg-mysql\egg-mysql1\node_modules\_egg-logrotator@3.1.0@egg-logrotator\app\schedule\clean_log.js next time will execute after 53086175ms at 2020-11-25 00:00:00.001
2020-11-24 09:15:13,827 INFO 13804 [Timer] C:\Users\Administrator\Desktop\03组-react项目代码\egg-mysql\egg-mysql1\node_modules\_egg-logrotator@3.1.0@egg-logrotator\app\schedule\rotate_by_file.js next time will execute after 53087174ms at 2020-11-25 00:00:01.001
2020-11-24 09:24:39,643 INFO 15148 [egg-schedule]: register schedule C:\Users\Administrator\Desktop\03组-react项目代码\egg-mysql\egg-mysql1\node_modules\_egg-multipart@2.10.3@egg-multipart\app\schedule\clean_tmpdir.js
2020-11-24 09:24:39,643 INFO 15148 [egg-schedule]: register schedule C:\Users\Administrator\Desktop\03组-react项目代码\egg-mysql\egg-mysql1\node_modules\_egg-logrotator@3.1.0@egg-logrotator\app\schedule\clean_log.js
2020-11-24 09:24:39,643 INFO 15148 [egg-schedule]: register schedule C:\Users\Administrator\Desktop\03组-react项目代码\egg-mysql\egg-mysql1\node_modules\_egg-logrotator@3.1.0@egg-logrotator\app\schedule\rotate_by_file.js
2020-11-24 09:25:16,723 INFO 6308 [egg-schedule]: register schedule C:\Users\Administrator\Desktop\03组-react项目代码\egg-mysql\egg-mysql1\node_modules\_egg-multipart@2.10.3@egg-multipart\app\schedule\clean_tmpdir.js
2020-11-24 09:25:16,723 INFO 6308 [egg-schedule]: register schedule C:\Users\Administrator\Desktop\03组-react项目代码\egg-mysql\egg-mysql1\node_modules\_egg-logrotator@3.1.0@egg-logrotator\app\schedule\clean_log.js
2020-11-24 09:25:16,723 INFO 6308 [egg-schedule]: register schedule C:\Users\Administrator\Desktop\03组-react项目代码\egg-mysql\egg-mysql1\node_modules\_egg-logrotator@3.1.0@egg-logrotator\app\schedule\rotate_by_file.js
